mode: set
github.com/viniosilva/socialassistanceapi/internal/service/person.go:23.86,25.16 2 1
github.com/viniosilva/socialassistanceapi/internal/service/person.go:29.2,30.28 2 1
github.com/viniosilva/socialassistanceapi/internal/service/person.go:40.2,40.40 1 1
github.com/viniosilva/socialassistanceapi/internal/service/person.go:25.16,27.3 1 1
github.com/viniosilva/socialassistanceapi/internal/service/person.go:30.28,38.3 1 1
github.com/viniosilva/socialassistanceapi/internal/service/person.go:43.103,45.33 2 1
github.com/viniosilva/socialassistanceapi/internal/service/person.go:49.2,57.8 1 1
github.com/viniosilva/socialassistanceapi/internal/service/person.go:45.33,47.3 1 1
github.com/viniosilva/socialassistanceapi/internal/service/person.go:60.99,65.16 2 1
github.com/viniosilva/socialassistanceapi/internal/service/person.go:69.2,77.8 1 1
github.com/viniosilva/socialassistanceapi/internal/service/person.go:65.16,67.3 1 1
github.com/viniosilva/socialassistanceapi/internal/service/person.go:80.95,86.2 1 1
github.com/viniosilva/socialassistanceapi/internal/service/person.go:88.80,90.2 1 1
github.com/viniosilva/socialassistanceapi/internal/service/resource.go:21.90,23.16 2 1
github.com/viniosilva/socialassistanceapi/internal/service/resource.go:27.2,28.37 2 1
github.com/viniosilva/socialassistanceapi/internal/service/resource.go:40.2,40.42 1 1
github.com/viniosilva/socialassistanceapi/internal/service/resource.go:23.16,25.3 1 1
github.com/viniosilva/socialassistanceapi/internal/service/resource.go:28.37,38.3 1 1
github.com/viniosilva/socialassistanceapi/internal/service/resource.go:43.109,45.35 2 1
github.com/viniosilva/socialassistanceapi/internal/service/resource.go:49.2,59.8 1 1
github.com/viniosilva/socialassistanceapi/internal/service/resource.go:45.35,47.3 1 1
github.com/viniosilva/socialassistanceapi/internal/service/resource.go:62.105,69.16 2 1
github.com/viniosilva/socialassistanceapi/internal/service/resource.go:73.2,83.8 1 1
github.com/viniosilva/socialassistanceapi/internal/service/resource.go:69.16,71.3 1 1
github.com/viniosilva/socialassistanceapi/internal/service/resource.go:86.107,93.2 1 1
github.com/viniosilva/socialassistanceapi/internal/service/address.go:23.89,25.16 2 1
github.com/viniosilva/socialassistanceapi/internal/service/address.go:29.2,30.30 2 1
github.com/viniosilva/socialassistanceapi/internal/service/address.go:46.2,46.42 1 1
github.com/viniosilva/socialassistanceapi/internal/service/address.go:25.16,27.3 1 1
github.com/viniosilva/socialassistanceapi/internal/service/address.go:30.30,44.3 1 1
github.com/viniosilva/socialassistanceapi/internal/service/address.go:49.106,51.34 2 1
github.com/viniosilva/socialassistanceapi/internal/service/address.go:55.2,69.8 1 1
github.com/viniosilva/socialassistanceapi/internal/service/address.go:51.34,53.3 1 1
github.com/viniosilva/socialassistanceapi/internal/service/address.go:72.102,84.16 2 1
github.com/viniosilva/socialassistanceapi/internal/service/address.go:88.2,102.8 1 1
github.com/viniosilva/socialassistanceapi/internal/service/address.go:84.16,86.3 1 1
github.com/viniosilva/socialassistanceapi/internal/service/address.go:105.98,117.2 1 1
github.com/viniosilva/socialassistanceapi/internal/service/address.go:119.82,121.2 1 1
github.com/viniosilva/socialassistanceapi/internal/service/health.go:18.73,19.56 1 1
github.com/viniosilva/socialassistanceapi/internal/service/health.go:23.2,23.39 1 1
github.com/viniosilva/socialassistanceapi/internal/service/health.go:19.56,21.3 1 1
github.com/viniosilva/socialassistanceapi/internal/configuration/config.go:31.46,34.54 2 0
github.com/viniosilva/socialassistanceapi/internal/configuration/config.go:38.2,39.45 2 0
github.com/viniosilva/socialassistanceapi/internal/configuration/config.go:42.2,42.46 1 0
github.com/viniosilva/socialassistanceapi/internal/configuration/config.go:46.2,48.17 2 0
github.com/viniosilva/socialassistanceapi/internal/configuration/config.go:34.54,36.3 1 0
github.com/viniosilva/socialassistanceapi/internal/configuration/config.go:39.45,41.3 1 0
github.com/viniosilva/socialassistanceapi/internal/configuration/config.go:42.46,44.3 1 0
github.com/viniosilva/socialassistanceapi/internal/configuration/mysql.go:16.71,20.16 3 1
github.com/viniosilva/socialassistanceapi/internal/configuration/mysql.go:24.2,28.22 4 1
github.com/viniosilva/socialassistanceapi/internal/configuration/mysql.go:20.16,21.13 1 0
github.com/viniosilva/socialassistanceapi/internal/configuration/mysql.go:31.91,35.33 3 1
github.com/viniosilva/socialassistanceapi/internal/configuration/mysql.go:47.2,47.23 1 1
github.com/viniosilva/socialassistanceapi/internal/configuration/mysql.go:35.33,36.45 1 1
github.com/viniosilva/socialassistanceapi/internal/configuration/mysql.go:39.3,39.45 1 1
github.com/viniosilva/socialassistanceapi/internal/configuration/mysql.go:43.3,44.33 2 1
github.com/viniosilva/socialassistanceapi/internal/configuration/mysql.go:36.45,37.12 1 1
github.com/viniosilva/socialassistanceapi/internal/configuration/mysql.go:39.45,40.12 1 1
